
================================================================================
2024-12-22 20:43:24 [ERROR]
Error in _generate:
Expecting value: line 11739 column 1 (char 64559)
Traceback:
Traceback (most recent call last):
  File "/home/bron/projects/model_baseline/src/adapters/langgraph.py", line 187, in _generate
    response = self.llm.invoke(state["messages"])
  File "/home/bron/.installs/arc-test/lib/python3.10/site-packages/langchain_core/language_models/chat_models.py", line 286, in invoke
    self.generate_prompt(
  File "/home/bron/.installs/arc-test/lib/python3.10/site-packages/langchain_core/language_models/chat_models.py", line 786, in generate_prompt
    return self.generate(prompt_messages, stop=stop, callbacks=callbacks, **kwargs)
  File "/home/bron/.installs/arc-test/lib/python3.10/site-packages/langchain_core/language_models/chat_models.py", line 643, in generate
    raise e
  File "/home/bron/.installs/arc-test/lib/python3.10/site-packages/langchain_core/language_models/chat_models.py", line 633, in generate
    self._generate_with_cache(
  File "/home/bron/.installs/arc-test/lib/python3.10/site-packages/langchain_core/language_models/chat_models.py", line 851, in _generate_with_cache
    result = self._generate(
  File "/home/bron/.installs/arc-test/lib/python3.10/site-packages/langchain_openai/chat_models/base.py", line 717, in _generate
    response = self.client.create(**payload)
  File "/home/bron/.installs/arc-test/lib/python3.10/site-packages/openai/_utils/_utils.py", line 275, in wrapper
    return func(*args, **kwargs)
  File "/home/bron/.installs/arc-test/lib/python3.10/site-packages/openai/resources/chat/completions.py", line 859, in create
    return self._post(
  File "/home/bron/.installs/arc-test/lib/python3.10/site-packages/openai/_base_client.py", line 1280, in post
    return cast(ResponseT, self.request(cast_to, opts, stream=stream, stream_cls=stream_cls))
  File "/home/bron/.installs/arc-test/lib/python3.10/site-packages/openai/_base_client.py", line 957, in request
    return self._request(
  File "/home/bron/.installs/arc-test/lib/python3.10/site-packages/openai/_base_client.py", line 1063, in _request
    return self._process_response(
  File "/home/bron/.installs/arc-test/lib/python3.10/site-packages/openai/_base_client.py", line 1162, in _process_response
    return api_response.parse()
  File "/home/bron/.installs/arc-test/lib/python3.10/site-packages/openai/_response.py", line 317, in parse
    parsed = self._parse(to=to)
  File "/home/bron/.installs/arc-test/lib/python3.10/site-packages/openai/_response.py", line 259, in _parse
    data = response.json()
  File "/home/bron/.installs/arc-test/lib/python3.10/site-packages/httpx/_models.py", line 766, in json
    return jsonlib.loads(self.content, **kwargs)
  File "/usr/lib/python3.10/json/__init__.py", line 346, in loads
    return _default_decoder.decode(s)
  File "/usr/lib/python3.10/json/decoder.py", line 337, in decode
    obj, end = self.raw_decode(s, idx=_w(s, 0).end())
  File "/usr/lib/python3.10/json/decoder.py", line 355, in raw_decode
    raise JSONDecodeError("Expecting value", s, err.value) from None
json.decoder.JSONDecodeError: Expecting value: line 11739 column 1 (char 64559)


================================================================================
2024-12-22 20:43:24 [DEBUG]
Checking continuation:
Retries: 0
Response length: 4

================================================================================
2024-12-22 20:43:24 [WARNING]
Response too short or invalid, retrying...

================================================================================
2024-12-22 20:43:24 [ERROR]
Error in make_prediction:
'continue'
Traceback:
Traceback (most recent call last):
  File "/home/bron/projects/model_baseline/src/adapters/langgraph.py", line 260, in make_prediction
    result = self.workflow.invoke(state)
  File "/home/bron/.installs/arc-test/lib/python3.10/site-packages/langgraph/pregel/__init__.py", line 1936, in invoke
    for chunk in self.stream(
  File "/home/bron/.installs/arc-test/lib/python3.10/site-packages/langgraph/pregel/__init__.py", line 1656, in stream
    for _ in runner.tick(
  File "/home/bron/.installs/arc-test/lib/python3.10/site-packages/langgraph/pregel/runner.py", line 167, in tick
    run_with_retry(
  File "/home/bron/.installs/arc-test/lib/python3.10/site-packages/langgraph/pregel/retry.py", line 40, in run_with_retry
    return task.proc.invoke(task.input, config)
  File "/home/bron/.installs/arc-test/lib/python3.10/site-packages/langgraph/utils/runnable.py", line 410, in invoke
    input = step.invoke(input, config)
  File "/home/bron/.installs/arc-test/lib/python3.10/site-packages/langgraph/utils/runnable.py", line 184, in invoke
    ret = context.run(self.func, input, **kwargs)
  File "/home/bron/.installs/arc-test/lib/python3.10/site-packages/langgraph/graph/graph.py", line 96, in _route
    return self._finish(writer, input, result, config)
  File "/home/bron/.installs/arc-test/lib/python3.10/site-packages/langgraph/graph/graph.py", line 131, in _finish
    destinations: Sequence[Union[Send, str]] = [
  File "/home/bron/.installs/arc-test/lib/python3.10/site-packages/langgraph/graph/graph.py", line 132, in <listcomp>
    r if isinstance(r, Send) else self.ends[r] for r in result
KeyError: 'continue'

